<?xml version="1.0" encoding="UTF-8"?>
<!-- Generated by org.testng.reporters.JUnitReportReporter -->
<testsuite skipped="0" hostname="RamRaksha-PC" name="com.ram.com.ram.OneTest" tests="1" failures="0" timestamp="08 Apr 2018 10:08:41 GMT" time="13.306" errors="0">
  <testcase name="f" time="13.306" classname="com.ram.com.ram.OneTest"/>
</testsuite> <!-- com.ram.com.ram.OneTest -->
